{"D:\\laragon\\www\\tesztek-sablon-main\\resources\\js\\components\\App.js": {"path":"D:\\laragon\\www\\tesztek-sablon-main\\resources\\js\\components\\App.js","statementMap":{"0":{"start":{"line":7,"column":4},"end":{"line":18,"column":5}}},"fnMap":{"0":{"name":"App","decl":{"start":{"line":5,"column":24},"end":{"line":5,"column":27}},"loc":{"start":{"line":5,"column":30},"end":{"line":19,"column":1}},"line":5}},"branchMap":{},"s":{"0":1},"f":{"0":1},"b":{},"_coverageSchema":"1a1c01bbd47fc00a2c39e90264f33305004495a9","hash":"144f770d64d3a35b56b680b990ce67c2170a3185"}
,"D:\\laragon\\www\\tesztek-sablon-main\\resources\\js\\components\\Button.js": {"path":"D:\\laragon\\www\\tesztek-sablon-main\\resources\\js\\components\\Button.js","statementMap":{"0":{"start":{"line":4,"column":40},"end":{"line":4,"column":51}},"1":{"start":{"line":5,"column":40},"end":{"line":5,"column":55}},"2":{"start":{"line":7,"column":20},"end":{"line":9,"column":5}},"3":{"start":{"line":8,"column":8},"end":{"line":8,"column":48}},"4":{"start":{"line":11,"column":22},"end":{"line":13,"column":5}},"5":{"start":{"line":12,"column":8},"end":{"line":12,"column":29}},"6":{"start":{"line":15,"column":24},"end":{"line":17,"column":5}},"7":{"start":{"line":16,"column":8},"end":{"line":16,"column":30}},"8":{"start":{"line":19,"column":4},"end":{"line":38,"column":6}}},"fnMap":{"0":{"name":"Button","decl":{"start":{"line":3,"column":24},"end":{"line":3,"column":30}},"loc":{"start":{"line":3,"column":43},"end":{"line":39,"column":1}},"line":3},"1":{"name":"(anonymous_1)","decl":{"start":{"line":7,"column":20},"end":{"line":7,"column":21}},"loc":{"start":{"line":7,"column":26},"end":{"line":9,"column":5}},"line":7},"2":{"name":"(anonymous_2)","decl":{"start":{"line":11,"column":22},"end":{"line":11,"column":23}},"loc":{"start":{"line":11,"column":28},"end":{"line":13,"column":5}},"line":11},"3":{"name":"(anonymous_3)","decl":{"start":{"line":15,"column":24},"end":{"line":15,"column":25}},"loc":{"start":{"line":15,"column":30},"end":{"line":17,"column":5}},"line":15}},"branchMap":{},"s":{"0":9,"1":9,"2":9,"3":3,"4":9,"5":2,"6":9,"7":1,"8":9},"f":{"0":9,"1":3,"2":2,"3":1},"b":{},"_coverageSchema":"1a1c01bbd47fc00a2c39e90264f33305004495a9","hash":"89e6186913d42aaafc6c1a4aed9d802a5e3d9f42"}
,"D:\\laragon\\www\\tesztek-sablon-main\\resources\\js\\components\\Checkbox.js": {"path":"D:\\laragon\\www\\tesztek-sablon-main\\resources\\js\\components\\Checkbox.js","statementMap":{"0":{"start":{"line":4,"column":38},"end":{"line":4,"column":53}},"1":{"start":{"line":6,"column":22},"end":{"line":8,"column":5}},"2":{"start":{"line":7,"column":8},"end":{"line":7,"column":33}},"3":{"start":{"line":13,"column":8},"end":{"line":13,"column":13}},"4":{"start":{"line":15,"column":4},"end":{"line":20,"column":5}}},"fnMap":{"0":{"name":"Checkbox","decl":{"start":{"line":3,"column":24},"end":{"line":3,"column":32}},"loc":{"start":{"line":3,"column":40},"end":{"line":21,"column":1}},"line":3},"1":{"name":"(anonymous_1)","decl":{"start":{"line":6,"column":22},"end":{"line":6,"column":23}},"loc":{"start":{"line":6,"column":28},"end":{"line":8,"column":5}},"line":6}},"branchMap":{"0":{"loc":{"start":{"line":18,"column":13},"end":{"line":18,"column":43}},"type":"cond-expr","locations":[{"start":{"line":18,"column":25},"end":{"line":18,"column":32}},{"start":{"line":18,"column":35},"end":{"line":18,"column":43}}],"line":18}},"s":{"0":3,"1":3,"2":1,"3":3,"4":3},"f":{"0":3,"1":1},"b":{"0":[1,2]},"_coverageSchema":"1a1c01bbd47fc00a2c39e90264f33305004495a9","hash":"e9bfd87b49c4b4f20ae17d42eac788b527495894"}
,"D:\\laragon\\www\\tesztek-sablon-main\\resources\\js\\components\\Link.js": {"path":"D:\\laragon\\www\\tesztek-sablon-main\\resources\\js\\components\\Link.js","statementMap":{"0":{"start":{"line":3,"column":17},"end":{"line":6,"column":1}},"1":{"start":{"line":9,"column":32},"end":{"line":9,"column":42}},"2":{"start":{"line":11,"column":25},"end":{"line":13,"column":5}},"3":{"start":{"line":12,"column":8},"end":{"line":12,"column":35}},"4":{"start":{"line":15,"column":25},"end":{"line":17,"column":5}},"5":{"start":{"line":16,"column":8},"end":{"line":16,"column":34}},"6":{"start":{"line":22,"column":8},"end":{"line":22,"column":13}},"7":{"start":{"line":24,"column":4},"end":{"line":33,"column":6}}},"fnMap":{"0":{"name":"Link","decl":{"start":{"line":8,"column":24},"end":{"line":8,"column":28}},"loc":{"start":{"line":8,"column":36},"end":{"line":34,"column":1}},"line":8},"1":{"name":"(anonymous_1)","decl":{"start":{"line":11,"column":25},"end":{"line":11,"column":26}},"loc":{"start":{"line":11,"column":31},"end":{"line":13,"column":5}},"line":11},"2":{"name":"(anonymous_2)","decl":{"start":{"line":15,"column":25},"end":{"line":15,"column":26}},"loc":{"start":{"line":15,"column":31},"end":{"line":17,"column":5}},"line":15}},"branchMap":{"0":{"loc":{"start":{"line":27,"column":14},"end":{"line":27,"column":25}},"type":"binary-expr","locations":[{"start":{"line":27,"column":14},"end":{"line":27,"column":18}},{"start":{"line":27,"column":22},"end":{"line":27,"column":25}}],"line":27}},"s":{"0":2,"1":7,"2":7,"3":2,"4":7,"5":2,"6":7,"7":7},"f":{"0":7,"1":2,"2":2},"b":{"0":[7,3]},"_coverageSchema":"1a1c01bbd47fc00a2c39e90264f33305004495a9","hash":"6be06f3aa2f87d4fe30a5b4ee10d0d62a30b3fdd"}
,"D:\\laragon\\www\\tesztek-sablon-main\\resources\\js\\functions\\app.js": {"path":"D:\\laragon\\www\\tesztek-sablon-main\\resources\\js\\functions\\app.js","statementMap":{"0":{"start":{"line":3,"column":4},"end":{"line":3,"column":17}},"1":{"start":{"line":6,"column":0},"end":{"line":6,"column":21}}},"fnMap":{"0":{"name":"sum","decl":{"start":{"line":1,"column":9},"end":{"line":1,"column":12}},"loc":{"start":{"line":2,"column":0},"end":{"line":4,"column":1}},"line":2}},"branchMap":{},"s":{"0":3,"1":1},"f":{"0":3},"b":{},"_coverageSchema":"1a1c01bbd47fc00a2c39e90264f33305004495a9","hash":"a1dc15fb086668c9789a3280893b905f1179e6a5"}
,"D:\\laragon\\www\\tesztek-sablon-main\\resources\\js\\functions\\string.js": {"path":"D:\\laragon\\www\\tesztek-sablon-main\\resources\\js\\functions\\string.js","statementMap":{"0":{"start":{"line":3,"column":17},"end":{"line":3,"column":19}},"1":{"start":{"line":4,"column":4},"end":{"line":10,"column":6}},"2":{"start":{"line":5,"column":8},"end":{"line":9,"column":9}},"3":{"start":{"line":6,"column":12},"end":{"line":6,"column":40}},"4":{"start":{"line":8,"column":12},"end":{"line":8,"column":28}},"5":{"start":{"line":11,"column":4},"end":{"line":11,"column":18}},"6":{"start":{"line":15,"column":16},"end":{"line":15,"column":21}},"7":{"start":{"line":17,"column":4},"end":{"line":22,"column":5}},"8":{"start":{"line":17,"column":17},"end":{"line":17,"column":18}},"9":{"start":{"line":18,"column":8},"end":{"line":21,"column":9}},"10":{"start":{"line":19,"column":12},"end":{"line":19,"column":25}},"11":{"start":{"line":20,"column":12},"end":{"line":20,"column":30}},"12":{"start":{"line":24,"column":4},"end":{"line":24,"column":17}},"13":{"start":{"line":27,"column":0},"end":{"line":30,"column":2}}},"fnMap":{"0":{"name":"joinArrayElements","decl":{"start":{"line":1,"column":9},"end":{"line":1,"column":26}},"loc":{"start":{"line":2,"column":0},"end":{"line":12,"column":1}},"line":2},"1":{"name":"(anonymous_1)","decl":{"start":{"line":4,"column":18},"end":{"line":4,"column":19}},"loc":{"start":{"line":4,"column":41},"end":{"line":10,"column":5}},"line":4},"2":{"name":"stringSearch","decl":{"start":{"line":14,"column":9},"end":{"line":14,"column":21}},"loc":{"start":{"line":14,"column":38},"end":{"line":25,"column":1}},"line":14}},"branchMap":{"0":{"loc":{"start":{"line":5,"column":8},"end":{"line":9,"column":9}},"type":"if","locations":[{"start":{"line":5,"column":8},"end":{"line":9,"column":9}},{"start":{"line":7,"column":15},"end":{"line":9,"column":9}}],"line":5},"1":{"loc":{"start":{"line":18,"column":8},"end":{"line":21,"column":9}},"type":"if","locations":[{"start":{"line":18,"column":8},"end":{"line":21,"column":9}},{"start":{},"end":{}}],"line":18}},"s":{"0":1,"1":1,"2":4,"3":3,"4":1,"5":1,"6":2,"7":2,"8":2,"9":31,"10":1,"11":1,"12":2,"13":1},"f":{"0":1,"1":4,"2":2},"b":{"0":[3,1],"1":[1,30]},"_coverageSchema":"1a1c01bbd47fc00a2c39e90264f33305004495a9","hash":"2c7277560b9603c15924621cb5d8e78581f63737"}
}
